# JRE version: OpenJDK Runtime Environment (8.0_242-b01) (build 1.8.0_242-release-1644-b01)
# Java VM: OpenJDK 64-Bit Server VM (25.242-b01 mixed mode windows-amd64 compressed oops)
Heap:
 PSYoungGen      total 649216K, used 431963K [0x00000000d5580000, 0x00000000ffa80000, 0x0000000100000000)
  eden space 603648K, 71% used [0x00000000d5580000,0x00000000efb84560,0x00000000fa300000)
  from space 45568K, 23% used [0x00000000fce00000,0x00000000fd8a3708,0x00000000ffa80000)
  to   space 44032K, 0% used [0x00000000fa300000,0x00000000fa300000,0x00000000fce00000)
 ParOldGen       total 258560K, used 199503K [0x0000000080000000, 0x000000008fc80000, 0x00000000d5580000)
  object space 258560K, 77% used [0x0000000080000000,0x000000008c2d3e00,0x000000008fc80000)
 Metaspace       used 109343K, capacity 115725K, committed 116044K, reserved 1150976K
  class space    used 14227K, capacity 15377K, committed 15488K, reserved 1048576K
GC Heap History (10 events):
Event: 2546.991 GC heap before
{Heap before GC invocations=26 (full 4):
 PSYoungGen      total 377344K, used 334658K [0x00000000d5580000, 0x00000000f6480000, 0x0000000100000000)
  eden space 322048K, 100% used [0x00000000d5580000,0x00000000e9000000,0x00000000e9000000)
  from space 55296K, 22% used [0x00000000e9000000,0x00000000e9c50bb8,0x00000000ec600000)
  to   space 53760K, 0% used [0x00000000f3000000,0x00000000f3000000,0x00000000f6480000)
 ParOldGen       total 258560K, used 155367K [0x0000000080000000, 0x000000008fc80000, 0x00000000d5580000)
  object space 258560K, 60% used [0x0000000080000000,0x00000000897b9f60,0x000000008fc80000)
 Metaspace       used 108221K, capacity 114423K, committed 114636K, reserved 1148928K
  class space    used 14132K, capacity 15292K, committed 15360K, reserved 1048576K
Event: 2547.149 GC heap after
Heap after GC invocations=26 (full 4):
 PSYoungGen      total 480768K, used 12497K [0x00000000d5580000, 0x00000000f6000000, 0x0000000100000000)
  eden space 431616K, 0% used [0x00000000d5580000,0x00000000d5580000,0x00000000efb00000)
  from space 49152K, 25% used [0x00000000f3000000,0x00000000f3c346f8,0x00000000f6000000)
  to   space 51712K, 0% used [0x00000000efb00000,0x00000000efb00000,0x00000000f2d80000)
 ParOldGen       total 258560K, used 163405K [0x0000000080000000, 0x000000008fc80000, 0x00000000d5580000)
  object space 258560K, 63% used [0x0000000080000000,0x0000000089f93538,0x000000008fc80000)
 Metaspace       used 108221K, capacity 114423K, committed 114636K, reserved 1148928K
  class space    used 14132K, capacity 15292K, committed 15360K, reserved 1048576K
}
Event: 2548.414 GC heap before
{Heap before GC invocations=27 (full 4):
 PSYoungGen      total 480768K, used 444113K [0x00000000d5580000, 0x00000000f6000000, 0x0000000100000000)
  eden space 431616K, 100% used [0x00000000d5580000,0x00000000efb00000,0x00000000efb00000)
  from space 49152K, 25% used [0x00000000f3000000,0x00000000f3c346f8,0x00000000f6000000)
  to   space 51712K, 0% used [0x00000000efb00000,0x00000000efb00000,0x00000000f2d80000)
 ParOldGen       total 258560K, used 163405K [0x0000000080000000, 0x000000008fc80000, 0x00000000d5580000)
  object space 258560K, 63% used [0x0000000080000000,0x0000000089f93538,0x000000008fc80000)
 Metaspace       used 108356K, capacity 114585K, committed 114892K, reserved 1148928K
  class space    used 14133K, capacity 15293K, committed 15360K, reserved 1048576K
Event: 2548.690 GC heap after
Heap after GC invocations=27 (full 4):
 PSYoungGen      total 483328K, used 20085K [0x00000000d5580000, 0x00000000ff000000, 0x0000000100000000)
  eden space 431616K, 0% used [0x00000000d5580000,0x00000000d5580000,0x00000000efb00000)
  from space 51712K, 38% used [0x00000000efb00000,0x00000000f0e9d770,0x00000000f2d80000)
  to   space 48640K, 0% used [0x00000000fc080000,0x00000000fc080000,0x00000000ff000000)
 ParOldGen       total 258560K, used 173860K [0x0000000080000000, 0x000000008fc80000, 0x00000000d5580000)
  object space 258560K, 67% used [0x0000000080000000,0x000000008a9c92c0,0x000000008fc80000)
 Metaspace       used 108356K, capacity 114585K, committed 114892K, reserved 1148928K
  class space    used 14133K, capacity 15293K, committed 15360K, reserved 1048576K
}
Event: 2550.553 GC heap before
{Heap before GC invocations=28 (full 4):
 PSYoungGen      total 483328K, used 451701K [0x00000000d5580000, 0x00000000ff000000, 0x0000000100000000)
  eden space 431616K, 100% used [0x00000000d5580000,0x00000000efb00000,0x00000000efb00000)
  from space 51712K, 38% used [0x00000000efb00000,0x00000000f0e9d770,0x00000000f2d80000)
  to   space 48640K, 0% used [0x00000000fc080000,0x00000000fc080000,0x00000000ff000000)
 ParOldGen       total 258560K, used 173860K [0x0000000080000000, 0x000000008fc80000, 0x00000000d5580000)
  object space 258560K, 67% used [0x0000000080000000,0x000000008a9c92c0,0x000000008fc80000)
 Metaspace       used 108408K, capacity 114601K, committed 114892K, reserved 1148928K
  class space    used 14137K, capacity 15295K, committed 15360K, reserved 1048576K
Event: 2551.166 GC heap after
Heap after GC invocations=28 (full 4):
 PSYoungGen      total 634368K, used 7726K [0x00000000d5580000, 0x00000000ff400000, 0x0000000100000000)
  eden space 585728K, 0% used [0x00000000d5580000,0x00000000d5580000,0x00000000f9180000)
  from space 48640K, 15% used [0x00000000fc080000,0x00000000fc80bb58,0x00000000ff000000)
  to   space 48128K, 0% used [0x00000000f9180000,0x00000000f9180000,0x00000000fc080000)
 ParOldGen       total 258560K, used 185077K [0x0000000080000000, 0x000000008fc80000, 0x00000000d5580000)
  object space 258560K, 71% used [0x0000000080000000,0x000000008b4bd5a8,0x000000008fc80000)
 Metaspace       used 108408K, capacity 114601K, committed 114892K, reserved 1148928K
  class space    used 14137K, capacity 15295K, committed 15360K, reserved 1048576K
}
Event: 2554.739 GC heap before
{Heap before GC invocations=29 (full 4):
 PSYoungGen      total 634368K, used 593454K [0x00000000d5580000, 0x00000000ff400000, 0x0000000100000000)
  eden space 585728K, 100% used [0x00000000d5580000,0x00000000f9180000,0x00000000f9180000)
  from space 48640K, 15% used [0x00000000fc080000,0x00000000fc80bb58,0x00000000ff000000)
  to   space 48128K, 0% used [0x00000000f9180000,0x00000000f9180000,0x00000000fc080000)
 ParOldGen       total 258560K, used 185077K [0x0000000080000000, 0x000000008fc80000, 0x00000000d5580000)
  object space 258560K, 71% used [0x0000000080000000,0x000000008b4bd5a8,0x000000008fc80000)
 Metaspace       used 108423K, capacity 114665K, committed 114892K, reserved 1148928K
  class space    used 14138K, capacity 15295K, committed 15360K, reserved 1048576K
Event: 2555.385 GC heap after
Heap after GC invocations=29 (full 4):
 PSYoungGen      total 633856K, used 15986K [0x00000000d5580000, 0x00000000ffa80000, 0x0000000100000000)
  eden space 585728K, 0% used [0x00000000d5580000,0x00000000d5580000,0x00000000f9180000)
  from space 48128K, 33% used [0x00000000f9180000,0x00000000fa11c858,0x00000000fc080000)
  to   space 45568K, 0% used [0x00000000fce00000,0x00000000fce00000,0x00000000ffa80000)
 ParOldGen       total 258560K, used 191315K [0x0000000080000000, 0x000000008fc80000, 0x00000000d5580000)
  object space 258560K, 73% used [0x0000000080000000,0x000000008bad4f60,0x000000008fc80000)
 Metaspace       used 108423K, capacity 114665K, committed 114892K, reserved 1148928K
  class space    used 14138K, capacity 15295K, committed 15360K, reserved 1048576K
}
Event: 2563.236 GC heap before
{Heap before GC invocations=30 (full 4):
 PSYoungGen      total 633856K, used 601714K [0x00000000d5580000, 0x00000000ffa80000, 0x0000000100000000)
  eden space 585728K, 100% used [0x00000000d5580000,0x00000000f9180000,0x00000000f9180000)
  from space 48128K, 33% used [0x00000000f9180000,0x00000000fa11c858,0x00000000fc080000)
  to   space 45568K, 0% used [0x00000000fce00000,0x00000000fce00000,0x00000000ffa80000)
 ParOldGen       total 258560K, used 191315K [0x0000000080000000, 0x000000008fc80000, 0x00000000d5580000)
  object space 258560K, 73% used [0x0000000080000000,0x000000008bad4f60,0x000000008fc80000)
 Metaspace       used 108460K, capacity 114699K, committed 114892K, reserved 1148928K
  class space    used 14144K, capacity 15302K, committed 15360K, reserved 1048576K
Event: 2564.189 GC heap after
Heap after GC invocations=30 (full 4):
 PSYoungGen      total 649216K, used 10893K [0x00000000d5580000, 0x00000000ffa80000, 0x0000000100000000)
  eden space 603648K, 0% used [0x00000000d5580000,0x00000000d5580000,0x00000000fa300000)
  from space 45568K, 23% used [0x00000000fce00000,0x00000000fd8a3708,0x00000000ffa80000)
  to   space 44032K, 0% used [0x00000000fa300000,0x00000000fa300000,0x00000000fce00000)
 ParOldGen       total 258560K, used 199503K [0x0000000080000000, 0x000000008fc80000, 0x00000000d5580000)
  object space 258560K, 77% used [0x0000000080000000,0x000000008c2d3e00,0x000000008fc80000)
 Metaspace       used 108460K, capacity 114699K, committed 114892K, reserved 1148928K
  class space    used 14144K, capacity 15302K, committed 15360K, reserved 1048576K
}

